{"C:\\Users\\korob\\vast-obo-back\\src\\index.ts": {"path":"C:\\Users\\korob\\vast-obo-back\\src\\index.ts","statementMap":{"0":{"start":{"line":1,"column":0},"end":{"line":1,"column":56}},"1":{"start":{"line":2,"column":0},"end":{"line":2,"column":24}},"2":{"start":{"line":3,"column":0},"end":{"line":3,"column":46}},"3":{"start":{"line":4,"column":0},"end":{"line":4,"column":36}},"4":{"start":{"line":5,"column":0},"end":{"line":5,"column":63}},"5":{"start":{"line":6,"column":0},"end":{"line":6,"column":55}},"6":{"start":{"line":7,"column":0},"end":{"line":7,"column":27}},"7":{"start":{"line":8,"column":0},"end":{"line":8,"column":83}},"8":{"start":{"line":9,"column":0},"end":{"line":9,"column":43}},"9":{"start":{"line":10,"column":0},"end":{"line":10,"column":63}},"10":{"start":{"line":13,"column":0},"end":{"line":13,"column":16}},"11":{"start":{"line":22,"column":21},"end":{"line":22,"column":30}},"12":{"start":{"line":23,"column":13},"end":{"line":23,"column":29}},"13":{"start":{"line":25,"column":0},"end":{"line":25,"column":34}},"14":{"start":{"line":27,"column":0},"end":{"line":27,"column":72}},"15":{"start":{"line":29,"column":0},"end":{"line":29,"column":63}},"16":{"start":{"line":29,"column":23},"end":{"line":29,"column":61}},"17":{"start":{"line":31,"column":0},"end":{"line":31,"column":27}},"18":{"start":{"line":33,"column":0},"end":{"line":33,"column":32}},"19":{"start":{"line":35,"column":0},"end":{"line":39,"column":3}},"20":{"start":{"line":41,"column":0},"end":{"line":44,"column":3}},"21":{"start":{"line":42,"column":4},"end":{"line":42,"column":36}},"22":{"start":{"line":43,"column":4},"end":{"line":43,"column":36}}},"fnMap":{"0":{"name":"(anonymous_7)","decl":{"start":{"line":29,"column":17},"end":{"line":29,"column":20}},"loc":{"start":{"line":29,"column":23},"end":{"line":29,"column":61}}},"1":{"name":"(anonymous_8)","decl":{"start":{"line":41,"column":8},"end":{"line":41,"column":9}},"loc":{"start":{"line":41,"column":27},"end":{"line":44,"column":1}}}},"branchMap":{},"s":{"0":0,"1":0,"2":0,"3":0,"4":0,"5":0,"6":0,"7":0,"8":0,"9":0,"10":0,"11":0,"12":0,"13":0,"14":0,"15":0,"16":0,"17":0,"18":0,"19":0,"20":0,"21":0,"22":0},"f":{"0":0,"1":0},"b":{}}
,"C:\\Users\\korob\\vast-obo-back\\src\\controllers\\user.controller.ts": {"path":"C:\\Users\\korob\\vast-obo-back\\src\\controllers\\user.controller.ts","statementMap":{"0":{"start":{"line":1,"column":0},"end":{"line":1,"column":86}},"1":{"start":{"line":2,"column":0},"end":{"line":2,"column":26}},"2":{"start":{"line":3,"column":0},"end":{"line":3,"column":58}},"3":{"start":{"line":4,"column":0},"end":{"line":4,"column":84}},"4":{"start":{"line":5,"column":0},"end":{"line":5,"column":38}},"5":{"start":{"line":10,"column":3},"end":{"line":22,"column":null}},"6":{"start":{"line":15,"column":6},"end":{"line":15,"column":40}},"7":{"start":{"line":20,"column":7},"end":{"line":20,"column":48}},"8":{"start":{"line":14,"column":4},"end":{"line":16,"column":null}},"9":{"start":{"line":19,"column":5},"end":{"line":21,"column":null}},"10":{"start":{"line":10,"column":16},"end":{"line":22,"column":null}},"11":{"start":{"line":10,"column":16},"end":{"line":10,"column":30}}},"fnMap":{"0":{"name":"(anonymous_4)","decl":{"start":{"line":14,"column":4},"end":{"line":14,"column":11}},"loc":{"start":{"line":14,"column":56},"end":{"line":16,"column":5}}},"1":{"name":"(anonymous_5)","decl":{"start":{"line":19,"column":5},"end":{"line":19,"column":11}},"loc":{"start":{"line":19,"column":36},"end":{"line":21,"column":6}}}},"branchMap":{},"s":{"0":1,"1":1,"2":1,"3":1,"4":1,"5":1,"6":1,"7":0,"8":1,"9":1,"10":1,"11":1},"f":{"0":1,"1":0},"b":{}}
,"C:\\Users\\korob\\vast-obo-back\\src\\middlewares\\global-error-handler.middleware.ts": {"path":"C:\\Users\\korob\\vast-obo-back\\src\\middlewares\\global-error-handler.middleware.ts","statementMap":{"0":{"start":{"line":1,"column":0},"end":{"line":1,"column":82}},"1":{"start":{"line":4,"column":0},"end":{"line":9,"column":null}},"2":{"start":{"line":6,"column":4},"end":{"line":6,"column":68}},"3":{"start":{"line":7,"column":4},"end":{"line":7,"column":11}},"4":{"start":{"line":4,"column":13},"end":{"line":9,"column":null}},"5":{"start":{"line":4,"column":13},"end":{"line":4,"column":31}}},"fnMap":{"0":{"name":"(anonymous_1)","decl":{"start":{"line":5,"column":2},"end":{"line":5,"column":7}},"loc":{"start":{"line":5,"column":65},"end":{"line":8,"column":3}}}},"branchMap":{"0":{"loc":{"start":{"line":6,"column":20},"end":{"line":6,"column":54}},"type":"binary-expr","locations":[{"start":{"line":6,"column":20},"end":{"line":6,"column":36}},{"start":{"line":6,"column":40},"end":{"line":6,"column":54}}]}},"s":{"0":1,"1":1,"2":0,"3":0,"4":1,"5":1},"f":{"0":0},"b":{"0":[0,0]}}
,"C:\\Users\\korob\\vast-obo-back\\src\\middlewares\\login-hooks.meddleware.ts": {"path":"C:\\Users\\korob\\vast-obo-back\\src\\middlewares\\login-hooks.meddleware.ts","statementMap":{"0":{"start":{"line":1,"column":0},"end":{"line":1,"column":47}},"1":{"start":{"line":4,"column":4},"end":{"line":4,"column":37}},"2":{"start":{"line":5,"column":4},"end":{"line":5,"column":36}},"3":{"start":{"line":6,"column":4},"end":{"line":6,"column":42}},"4":{"start":{"line":7,"column":4},"end":{"line":7,"column":11}},"5":{"start":{"line":3,"column":0},"end":{"line":3,"column":16}},"6":{"start":{"line":11,"column":4},"end":{"line":11,"column":41}},"7":{"start":{"line":12,"column":4},"end":{"line":12,"column":60}},"8":{"start":{"line":13,"column":4},"end":{"line":13,"column":11}},"9":{"start":{"line":10,"column":2},"end":{"line":10,"column":18}}},"fnMap":{"0":{"name":"loggingBefore","decl":{"start":{"line":3,"column":16},"end":{"line":3,"column":29}},"loc":{"start":{"line":3,"column":85},"end":{"line":8,"column":3}}},"1":{"name":"loggingAfter","decl":{"start":{"line":10,"column":18},"end":{"line":10,"column":30}},"loc":{"start":{"line":10,"column":86},"end":{"line":14,"column":3}}}},"branchMap":{},"s":{"0":1,"1":1,"2":1,"3":1,"4":1,"5":1,"6":1,"7":1,"8":1,"9":1},"f":{"0":1,"1":1},"b":{}}
,"C:\\Users\\korob\\vast-obo-back\\src\\models\\info.ts": {"path":"C:\\Users\\korob\\vast-obo-back\\src\\models\\info.ts","statementMap":{"0":{"start":{"line":1,"column":0},"end":{"line":1,"column":44}},"1":{"start":{"line":5,"column":4},"end":{"line":5,"column":null}},"2":{"start":{"line":7,"column":4},"end":{"line":7,"column":null}},"3":{"start":{"line":3,"column":0},"end":{"line":3,"column":13}}},"fnMap":{},"branchMap":{},"s":{"0":1,"1":1,"2":1,"3":1},"f":{},"b":{}}
}
